  CV_201211264View.cpp
c:\opencv\build\include\opencv2\flann\dist.h : warning C4819: The file contains a character that cannot be represented in the current code page (949). Save the file in Unicode format to prevent data loss
c:\users\im501\documents\visual studio 2015\projects\cv_201211264\cv_201211264\cv_201211264view.h(20): warning C4091: 'typedef ': ignored on left of 'Feature' when no variable is declared
c:\users\im501\documents\visual studio 2015\projects\cv_201211264\cv_201211264\cv_201211264view.h(23): warning C4091: 'typedef ': ignored on left of 'RowInfo' when no variable is declared
c:\users\im501\documents\visual studio 2015\projects\cv_201211264\cv_201211264\cv_201211264view.h(27): warning C4091: 'typedef ': ignored on left of 'mListFeature' when no variable is declared
c:\users\im501\documents\visual studio 2015\projects\cv_201211264\cv_201211264\cv_201211264view.h(33): warning C4091: 'typedef ': ignored on left of 'FeatureVector' when no variable is declared
c:\users\im501\documents\visual studio 2015\projects\cv_201211264\cv_201211264\cv_201211264view.h(40): warning C4091: 'typedef ': ignored on left of 'Img' when no variable is declared
c:\users\im501\documents\visual studio 2015\projects\cv_201211264\cv_201211264\cv_201211264view.h(46): warning C4091: 'typedef ': ignored on left of 'Number' when no variable is declared
c:\users\im501\documents\visual studio 2015\projects\cv_201211264\cv_201211264\cv_201211264view.cpp(76): warning C4101: 'p': unreferenced local variable
c:\users\im501\documents\visual studio 2015\projects\cv_201211264\cv_201211264\cv_201211264view.cpp(304): warning C4244: '=': conversion from 'double' to 'float', possible loss of data
c:\users\im501\documents\visual studio 2015\projects\cv_201211264\cv_201211264\cv_201211264view.cpp(305): warning C4244: '=': conversion from 'double' to 'float', possible loss of data
c:\users\im501\documents\visual studio 2015\projects\cv_201211264\cv_201211264\cv_201211264view.cpp(312): warning C4244: '=': conversion from 'double' to 'float', possible loss of data
c:\users\im501\documents\visual studio 2015\projects\cv_201211264\cv_201211264\cv_201211264view.cpp(527): warning C4244: 'initializing': conversion from 'double' to 'int', possible loss of data
c:\users\im501\documents\visual studio 2015\projects\cv_201211264\cv_201211264\cv_201211264view.cpp(551): warning C4244: 'initializing': conversion from 'double' to 'int', possible loss of data
c:\users\im501\documents\visual studio 2015\projects\cv_201211264\cv_201211264\cv_201211264view.cpp(1121): warning C4018: '<': signed/unsigned mismatch
c:\users\im501\documents\visual studio 2015\projects\cv_201211264\cv_201211264\cv_201211264view.cpp(1157): warning C4018: '<': signed/unsigned mismatch
c:\users\im501\documents\visual studio 2015\projects\cv_201211264\cv_201211264\cv_201211264view.cpp(1196): warning C4018: '<': signed/unsigned mismatch
c:\users\im501\documents\visual studio 2015\projects\cv_201211264\cv_201211264\cv_201211264view.cpp(1207): warning C4244: '+=': conversion from 'double' to 'float', possible loss of data
c:\users\im501\documents\visual studio 2015\projects\cv_201211264\cv_201211264\cv_201211264view.cpp(1220): warning C4244: 'initializing': conversion from 'double' to 'float', possible loss of data
c:\users\im501\documents\visual studio 2015\projects\cv_201211264\cv_201211264\cv_201211264view.cpp(1244): warning C4018: '<': signed/unsigned mismatch
c:\users\im501\documents\visual studio 2015\projects\cv_201211264\cv_201211264\cv_201211264view.cpp(1260): warning C4244: '=': conversion from 'double' to 'float', possible loss of data
c:\users\im501\documents\visual studio 2015\projects\cv_201211264\cv_201211264\cv_201211264view.cpp(1317): warning C4018: '<': signed/unsigned mismatch
c:\users\im501\documents\visual studio 2015\projects\cv_201211264\cv_201211264\cv_201211264view.cpp(1336): warning C4018: '<': signed/unsigned mismatch
c:\users\im501\documents\visual studio 2015\projects\cv_201211264\cv_201211264\cv_201211264view.cpp(1358): warning C4018: '<': signed/unsigned mismatch
c:\users\im501\documents\visual studio 2015\projects\cv_201211264\cv_201211264\cv_201211264view.cpp(1376): warning C4244: '=': conversion from 'double' to 'float', possible loss of data
c:\users\im501\documents\visual studio 2015\projects\cv_201211264\cv_201211264\cv_201211264view.cpp(1383): warning C4018: '<': signed/unsigned mismatch
c:\users\im501\documents\visual studio 2015\projects\cv_201211264\cv_201211264\cv_201211264view.cpp(1395): warning C4244: '+=': conversion from 'double' to 'float', possible loss of data
c:\users\im501\documents\visual studio 2015\projects\cv_201211264\cv_201211264\cv_201211264view.cpp(1407): warning C4244: 'initializing': conversion from 'double' to 'float', possible loss of data
c:\users\im501\documents\visual studio 2015\projects\cv_201211264\cv_201211264\cv_201211264view.cpp(1423): warning C4018: '<': signed/unsigned mismatch
c:\users\im501\documents\visual studio 2015\projects\cv_201211264\cv_201211264\cv_201211264view.cpp(1443): warning C4244: '=': conversion from 'double' to 'float', possible loss of data
c:\users\im501\documents\visual studio 2015\projects\cv_201211264\cv_201211264\cv_201211264view.cpp(1444): warning C4244: '=': conversion from 'double' to 'float', possible loss of data
c:\users\im501\documents\visual studio 2015\projects\cv_201211264\cv_201211264\cv_201211264view.cpp(1446): warning C4018: '<': signed/unsigned mismatch
c:\users\im501\documents\visual studio 2015\projects\cv_201211264\cv_201211264\cv_201211264view.cpp(1464): warning C4244: '=': conversion from 'double' to 'float', possible loss of data
c:\users\im501\documents\visual studio 2015\projects\cv_201211264\cv_201211264\cv_201211264view.cpp(1465): warning C4244: '=': conversion from 'double' to 'float', possible loss of data
c:\users\im501\documents\visual studio 2015\projects\cv_201211264\cv_201211264\cv_201211264view.cpp(1474): warning C4018: '<': signed/unsigned mismatch
c:\users\im501\documents\visual studio 2015\projects\cv_201211264\cv_201211264\cv_201211264view.cpp(1499): warning C4244: '=': conversion from 'double' to 'float', possible loss of data
c:\users\im501\documents\visual studio 2015\projects\cv_201211264\cv_201211264\cv_201211264view.cpp(1500): warning C4244: '=': conversion from 'double' to 'float', possible loss of data
c:\users\im501\documents\visual studio 2015\projects\cv_201211264\cv_201211264\cv_201211264view.cpp(1501): warning C4244: '=': conversion from 'double' to 'float', possible loss of data
c:\users\im501\documents\visual studio 2015\projects\cv_201211264\cv_201211264\cv_201211264view.cpp(1502): warning C4244: '=': conversion from 'double' to 'float', possible loss of data
c:\users\im501\documents\visual studio 2015\projects\cv_201211264\cv_201211264\cv_201211264view.cpp(1505): warning C4018: '<': signed/unsigned mismatch
c:\users\im501\documents\visual studio 2015\projects\cv_201211264\cv_201211264\cv_201211264view.cpp(1525): warning C4244: '=': conversion from 'double' to 'float', possible loss of data
c:\users\im501\documents\visual studio 2015\projects\cv_201211264\cv_201211264\cv_201211264view.cpp(1526): warning C4244: '=': conversion from 'double' to 'float', possible loss of data
c:\users\im501\documents\visual studio 2015\projects\cv_201211264\cv_201211264\cv_201211264view.cpp(1527): warning C4244: '=': conversion from 'double' to 'float', possible loss of data
c:\users\im501\documents\visual studio 2015\projects\cv_201211264\cv_201211264\cv_201211264view.cpp(1528): warning C4244: '=': conversion from 'double' to 'float', possible loss of data
c:\users\im501\documents\visual studio 2015\projects\cv_201211264\cv_201211264\cv_201211264view.cpp(1547): warning C4244: '=': conversion from 'float' to 'int', possible loss of data
c:\users\im501\documents\visual studio 2015\projects\cv_201211264\cv_201211264\cv_201211264view.cpp(1641): warning C4018: '<': signed/unsigned mismatch
c:\users\im501\documents\visual studio 2015\projects\cv_201211264\cv_201211264\cv_201211264view.cpp(1655): warning C4018: '<': signed/unsigned mismatch
c:\users\im501\documents\visual studio 2015\projects\cv_201211264\cv_201211264\cv_201211264view.cpp(1691): warning C4018: '<': signed/unsigned mismatch
c:\users\im501\documents\visual studio 2015\projects\cv_201211264\cv_201211264\cv_201211264view.cpp(1819): warning C4244: '+=': conversion from 'double' to 'float', possible loss of data
c:\users\im501\documents\visual studio 2015\projects\cv_201211264\cv_201211264\cv_201211264view.cpp(1831): warning C4244: 'initializing': conversion from 'double' to 'float', possible loss of data
c:\users\im501\documents\visual studio 2015\projects\cv_201211264\cv_201211264\cv_201211264view.cpp(1898): warning C4018: '<': signed/unsigned mismatch
c:\users\im501\documents\visual studio 2015\projects\cv_201211264\cv_201211264\cv_201211264view.cpp(1920): warning C4018: '<': signed/unsigned mismatch
c:\users\im501\documents\visual studio 2015\projects\cv_201211264\cv_201211264\cv_201211264view.cpp(1997): warning C4018: '<': signed/unsigned mismatch
c:\users\im501\documents\visual studio 2015\projects\cv_201211264\cv_201211264\cv_201211264view.cpp(2058): warning C4018: '<': signed/unsigned mismatch
c:\users\im501\documents\visual studio 2015\projects\cv_201211264\cv_201211264\cv_201211264view.cpp(2069): warning C4018: '<': signed/unsigned mismatch
c:\users\im501\documents\visual studio 2015\projects\cv_201211264\cv_201211264\cv_201211264view.cpp(2122): warning C4018: '<': signed/unsigned mismatch
c:\users\im501\documents\visual studio 2015\projects\cv_201211264\cv_201211264\cv_201211264view.cpp(2154): warning C4018: '<': signed/unsigned mismatch
c:\users\im501\documents\visual studio 2015\projects\cv_201211264\cv_201211264\cv_201211264view.cpp(2202): warning C4018: '<': signed/unsigned mismatch
c:\users\im501\documents\visual studio 2015\projects\cv_201211264\cv_201211264\cv_201211264view.cpp(2213): warning C4018: '<': signed/unsigned mismatch
c:\users\im501\documents\visual studio 2015\projects\cv_201211264\cv_201211264\cv_201211264view.cpp(2216): warning C4018: '<': signed/unsigned mismatch
  CV_201211264.vcxproj -> C:\Users\im501\Documents\Visual Studio 2015\Projects\CV_201211264\Debug\CV_201211264.exe
  CV_201211264.vcxproj -> C:\Users\im501\Documents\Visual Studio 2015\Projects\CV_201211264\Debug\CV_201211264.pdb (Partial PDB)
